d:\main\code\cpp\tetris\tetris\x64\debug\vc143.pdb
d:\main\code\cpp\tetris\tetris\x64\debug\vc143.idb
d:\main\code\cpp\tetris\tetris\x64\debug\tetris.obj
d:\main\code\cpp\tetris\tetris\x64\debug\position.obj
d:\main\code\cpp\tetris\tetris\x64\debug\grid.obj
d:\main\code\cpp\tetris\tetris\x64\debug\game.obj
d:\main\code\cpp\tetris\tetris\x64\debug\colors.obj
d:\main\code\cpp\tetris\tetris\x64\debug\blocks.obj
d:\main\code\cpp\tetris\tetris\x64\debug\block.obj
d:\main\code\cpp\tetris\tetris\x64\debug\raylib.dll
d:\main\code\cpp\tetris\tetris\x64\debug\glfw3.dll
d:\main\code\cpp\tetris\tetris\x64\debug\tetris.ilk
d:\main\code\cpp\tetris\tetris\x64\debug\tetris.pdb
d:\main\code\cpp\tetris\tetris\x64\debug\tetris.tlog\cl.command.1.tlog
d:\main\code\cpp\tetris\tetris\x64\debug\tetris.tlog\cl.items.tlog
d:\main\code\cpp\tetris\tetris\x64\debug\tetris.tlog\cl.read.1.tlog
d:\main\code\cpp\tetris\tetris\x64\debug\tetris.tlog\cl.write.1.tlog
d:\main\code\cpp\tetris\tetris\x64\debug\tetris.tlog\link.command.1.tlog
d:\main\code\cpp\tetris\tetris\x64\debug\tetris.tlog\link.read.1.tlog
d:\main\code\cpp\tetris\tetris\x64\debug\tetris.tlog\link.write.1.tlog
d:\main\code\cpp\tetris\tetris\x64\debug\tetris.tlog\tetris.write.1u.tlog
